zoom/android/app/build/intermediates/manifest_merge_blame_file/release/manifest-merger-blame-release-report.txt
1<?xml version="1.0" encoding="utf-8"?>
2<manifest xmlns:android="http://schemas.android.com/apk/res/android"
3    package="com.zoom"
4    android:versionCode="1"
5    android:versionName="1.0" >
6
7    <uses-sdk
8        android:minSdkVersion="16"
8-->src\main\AndroidManifest.xml
9        android:targetSdkVersion="29" />
9-->src\main\AndroidManifest.xml
10
11    <uses-permission android:name="android.permission.INTERNET" />
11-->src\main\AndroidManifest.xml:3:3-65
11-->src\main\AndroidManifest.xml:3:20-62
12    <uses-permission android:name="android.permission.CAMERA" />
12-->src\main\AndroidManifest.xml:4:3-63
12-->src\main\AndroidManifest.xml:4:20-60
13
14    <uses-feature android:name="android.hardware.camera" />
14-->src\main\AndroidManifest.xml:5:3-58
14-->src\main\AndroidManifest.xml:5:17-55
15    <uses-feature android:name="android.hardware.camera.autofocus" />
15-->src\main\AndroidManifest.xml:6:3-67
15-->src\main\AndroidManifest.xml:6:17-65
16
17    <uses-permission android:name="android.permission.ACCESS_NETWORK_STATE" />
17-->src\main\AndroidManifest.xml:8:3-76
17-->src\main\AndroidManifest.xml:8:20-74
18    <uses-permission android:name="android.permission.MODIFY_AUDIO_SETTINGS" />
18-->src\main\AndroidManifest.xml:9:3-78
18-->src\main\AndroidManifest.xml:9:20-75
19    <uses-permission android:name="android.permission.RECORD_AUDIO" />
19-->src\main\AndroidManifest.xml:10:3-69
19-->src\main\AndroidManifest.xml:10:20-66
20    <uses-permission android:name="android.permission.WAKE_LOCK" />
20-->src\main\AndroidManifest.xml:11:3-66
20-->src\main\AndroidManifest.xml:11:20-63
21    <uses-permission android:name="android.permission.WRITE_EXTERNAL_STORAGE" />
21-->src\main\AndroidManifest.xml:12:3-78
21-->src\main\AndroidManifest.xml:12:20-76
22    <uses-permission android:name="android.permission.ACCESS_WIFI_STATE" />
22-->[:react-native-community_netinfo] AndroidManifest.xml:10:5-76
22-->[:react-native-community_netinfo] AndroidManifest.xml:10:22-73
23    <uses-permission android:name="com.google.android.finsky.permission.BIND_GET_INSTALL_REFERRER_SERVICE" />
23-->[com.google.android.gms:play-services-measurement:18.0.0] AndroidManifest.xml:26:5-110
23-->[com.google.android.gms:play-services-measurement:18.0.0] AndroidManifest.xml:26:22-107
24
25    <application
25-->src\main\AndroidManifest.xml:14:3-22:17
26        android:name="com.zoom.MainApplication"
26-->src\main\AndroidManifest.xml:14:51-82
27        android:allowBackup="false"
27-->src\main\AndroidManifest.xml:14:197-224
28        android:appComponentFactory="androidx.core.app.CoreComponentFactory"
28-->[androidx.core:core:1.3.2] AndroidManifest.xml:24:18-86
29        android:hardwareAccelerated="true"
29-->src\main\AndroidManifest.xml:14:16-50
30        android:icon="@mipmap/ic_launcher"
30-->src\main\AndroidManifest.xml:14:116-150
31        android:label="@string/app_name"
31-->src\main\AndroidManifest.xml:14:83-115
32        android:roundIcon="@mipmap/ic_launcher_round"
32-->src\main\AndroidManifest.xml:14:151-196
33        android:supportsRtl="true"
33-->[com.facebook.android:facebook-android-sdk:5.15.3] AndroidManifest.xml:28:18-44
34        android:theme="@style/AppTheme" >
34-->src\main\AndroidManifest.xml:14:225-256
35        <activity
35-->src\main\AndroidManifest.xml:15:5-20:16
36            android:name="com.zoom.MainActivity"
36-->src\main\AndroidManifest.xml:15:15-43
37            android:configChanges="keyboard|keyboardHidden|orientation|screenSize|uiMode"
37-->src\main\AndroidManifest.xml:15:77-154
38            android:label="@string/app_name"
38-->src\main\AndroidManifest.xml:15:44-76
39            android:launchMode="singleTask"
39-->src\main\AndroidManifest.xml:15:155-186
40            android:windowSoftInputMode="adjustResize" >
40-->src\main\AndroidManifest.xml:15:187-229
41            <intent-filter>
41-->src\main\AndroidManifest.xml:16:7-19:23
42                <action android:name="android.intent.action.MAIN" />
42-->src\main\AndroidManifest.xml:17:9-61
42-->src\main\AndroidManifest.xml:17:17-58
43
44                <category android:name="android.intent.category.LAUNCHER" />
44-->src\main\AndroidManifest.xml:18:9-69
44-->src\main\AndroidManifest.xml:18:19-66
45            </intent-filter>
46        </activity>
47        <activity android:name="com.facebook.react.devsupport.DevSettingsActivity" />
47-->src\main\AndroidManifest.xml:21:5-82
47-->src\main\AndroidManifest.xml:21:15-79
48        <activity
48-->[com.facebook.android:facebook-common:5.15.3] AndroidManifest.xml:30:9-33:66
49            android:name="com.facebook.FacebookActivity"
49-->[com.facebook.android:facebook-common:5.15.3] AndroidManifest.xml:31:13-57
50            android:configChanges="keyboard|keyboardHidden|screenLayout|screenSize|orientation"
50-->[com.facebook.android:facebook-common:5.15.3] AndroidManifest.xml:32:13-96
51            android:theme="@style/com_facebook_activity_theme" />
51-->[com.facebook.android:facebook-common:5.15.3] AndroidManifest.xml:33:13-63
52        <activity android:name="com.facebook.CustomTabMainActivity" />
52-->[com.facebook.android:facebook-common:5.15.3] AndroidManifest.xml:34:9-71
52-->[com.facebook.android:facebook-common:5.15.3] AndroidManifest.xml:34:19-68
53        <activity
53-->[com.facebook.android:facebook-common:5.15.3] AndroidManifest.xml:35:9-49:20
54            android:name="com.facebook.CustomTabActivity"
54-->[com.facebook.android:facebook-common:5.15.3] AndroidManifest.xml:36:13-58
55            android:exported="true" >
55-->[com.facebook.android:facebook-common:5.15.3] AndroidManifest.xml:37:13-36
56            <intent-filter>
56-->[com.facebook.android:facebook-common:5.15.3] AndroidManifest.xml:39:13-48:29
57                <action android:name="android.intent.action.VIEW" />
57-->[com.facebook.android:facebook-common:5.15.3] AndroidManifest.xml:40:17-69
57-->[com.facebook.android:facebook-common:5.15.3] AndroidManifest.xml:40:25-66
58
59                <category android:name="android.intent.category.DEFAULT" />
59-->[com.facebook.android:facebook-common:5.15.3] AndroidManifest.xml:42:17-76
59-->[com.facebook.android:facebook-common:5.15.3] AndroidManifest.xml:42:27-73
60                <category android:name="android.intent.category.BROWSABLE" />
60-->[com.facebook.android:facebook-common:5.15.3] AndroidManifest.xml:43:17-78
60-->[com.facebook.android:facebook-common:5.15.3] AndroidManifest.xml:43:27-75
61
62                <data
62-->[com.facebook.android:facebook-common:5.15.3] AndroidManifest.xml:45:17-47:50
63                    android:host="cct.com.zoom"
63-->[com.facebook.android:facebook-common:5.15.3] AndroidManifest.xml:46:21-56
64                    android:scheme="fbconnect" />
64-->[com.facebook.android:facebook-common:5.15.3] AndroidManifest.xml:47:21-47
65            </intent-filter>
66        </activity>
67
68        <service
68-->[com.google.android.gms:play-services-measurement-api:18.0.0] AndroidManifest.xml:27:9-33:19
69            android:name="com.google.firebase.components.ComponentDiscoveryService"
69-->[com.google.android.gms:play-services-measurement-api:18.0.0] AndroidManifest.xml:28:13-84
70            android:directBootAware="true"
70-->[com.google.firebase:firebase-common:19.4.0] AndroidManifest.xml:35:13-43
71            android:exported="false" >
71-->[com.google.android.gms:play-services-measurement-api:18.0.0] AndroidManifest.xml:29:13-37
72            <meta-data
72-->[com.google.android.gms:play-services-measurement-api:18.0.0] AndroidManifest.xml:30:13-32:85
73                android:name="com.google.firebase.components:com.google.firebase.analytics.connector.internal.AnalyticsConnectorRegistrar"
73-->[com.google.android.gms:play-services-measurement-api:18.0.0] AndroidManifest.xml:31:17-139
74                android:value="com.google.firebase.components.ComponentRegistrar" />
74-->[com.google.android.gms:play-services-measurement-api:18.0.0] AndroidManifest.xml:32:17-82
75            <meta-data
75-->[com.google.firebase:firebase-installations:16.3.4] AndroidManifest.xml:18:13-20:85
76                android:name="com.google.firebase.components:com.google.firebase.installations.FirebaseInstallationsRegistrar"
76-->[com.google.firebase:firebase-installations:16.3.4] AndroidManifest.xml:19:17-127
77                android:value="com.google.firebase.components.ComponentRegistrar" />
77-->[com.google.firebase:firebase-installations:16.3.4] AndroidManifest.xml:20:17-82
78        </service>
79
80        <provider
80-->[com.google.firebase:firebase-common:19.4.0] AndroidManifest.xml:26:9-31:39
81            android:name="com.google.firebase.provider.FirebaseInitProvider"
81-->[com.google.firebase:firebase-common:19.4.0] AndroidManifest.xml:27:13-77
82            android:authorities="com.zoom.firebaseinitprovider"
82-->[com.google.firebase:firebase-common:19.4.0] AndroidManifest.xml:28:13-72
83            android:directBootAware="true"
83-->[com.google.firebase:firebase-common:19.4.0] AndroidManifest.xml:29:13-43
84            android:exported="false"
84-->[com.google.firebase:firebase-common:19.4.0] AndroidManifest.xml:30:13-37
85            android:initOrder="100" />
85-->[com.google.firebase:firebase-common:19.4.0] AndroidManifest.xml:31:13-36
86        <!--
87         The initialization ContentProvider will call FacebookSdk.sdkInitialize automatically
88         with the application context. This config is merged in with the host app's manifest,
89         but there can only be one provider with the same authority activated at any given
90         point; so if the end user has two or more different apps that use Facebook SDK, only the
91         first one will be able to use the provider. To work around this problem, we use the
92         following placeholder in the authority to identify each host application as if it was
93         a completely different provider.
94        -->
95        <provider
95-->[com.facebook.android:facebook-core:5.15.3] AndroidManifest.xml:39:9-42:40
96            android:name="com.facebook.internal.FacebookInitProvider"
96-->[com.facebook.android:facebook-core:5.15.3] AndroidManifest.xml:40:13-70
97            android:authorities="com.zoom.FacebookInitProvider"
97-->[com.facebook.android:facebook-core:5.15.3] AndroidManifest.xml:41:13-72
98            android:exported="false" />
98-->[com.facebook.android:facebook-core:5.15.3] AndroidManifest.xml:42:13-37
99
100        <receiver
100-->[com.facebook.android:facebook-core:5.15.3] AndroidManifest.xml:44:9-50:20
101            android:name="com.facebook.CurrentAccessTokenExpirationBroadcastReceiver"
101-->[com.facebook.android:facebook-core:5.15.3] AndroidManifest.xml:45:13-86
102            android:exported="false" >
102-->[com.facebook.android:facebook-core:5.15.3] AndroidManifest.xml:46:13-37
103            <intent-filter>
103-->[com.facebook.android:facebook-core:5.15.3] AndroidManifest.xml:47:13-49:29
104                <action android:name="com.facebook.sdk.ACTION_CURRENT_ACCESS_TOKEN_CHANGED" />
104-->[com.facebook.android:facebook-core:5.15.3] AndroidManifest.xml:48:17-95
104-->[com.facebook.android:facebook-core:5.15.3] AndroidManifest.xml:48:25-92
105            </intent-filter>
106        </receiver>
107        <receiver
107-->[com.google.android.gms:play-services-measurement:18.0.0] AndroidManifest.xml:29:9-33:20
108            android:name="com.google.android.gms.measurement.AppMeasurementReceiver"
108-->[com.google.android.gms:play-services-measurement:18.0.0] AndroidManifest.xml:30:13-85
109            android:enabled="true"
109-->[com.google.android.gms:play-services-measurement:18.0.0] AndroidManifest.xml:31:13-35
110            android:exported="false" >
110-->[com.google.android.gms:play-services-measurement:18.0.0] AndroidManifest.xml:32:13-37
111        </receiver>
112
113        <service
113-->[com.google.android.gms:play-services-measurement:18.0.0] AndroidManifest.xml:35:9-38:40
114            android:name="com.google.android.gms.measurement.AppMeasurementService"
114-->[com.google.android.gms:play-services-measurement:18.0.0] AndroidManifest.xml:36:13-84
115            android:enabled="true"
115-->[com.google.android.gms:play-services-measurement:18.0.0] AndroidManifest.xml:37:13-35
116            android:exported="false" />
116-->[com.google.android.gms:play-services-measurement:18.0.0] AndroidManifest.xml:38:13-37
117        <service
117-->[com.google.android.gms:play-services-measurement:18.0.0] AndroidManifest.xml:39:9-43:72
118            android:name="com.google.android.gms.measurement.AppMeasurementJobService"
118-->[com.google.android.gms:play-services-measurement:18.0.0] AndroidManifest.xml:40:13-87
119            android:enabled="true"
119-->[com.google.android.gms:play-services-measurement:18.0.0] AndroidManifest.xml:41:13-35
120            android:exported="false"
120-->[com.google.android.gms:play-services-measurement:18.0.0] AndroidManifest.xml:42:13-37
121            android:permission="android.permission.BIND_JOB_SERVICE" />
121-->[com.google.android.gms:play-services-measurement:18.0.0] AndroidManifest.xml:43:13-69
122
123        <meta-data
123-->[com.google.android.gms:play-services-basement:17.0.0] AndroidManifest.xml:23:9-25:69
124            android:name="com.google.android.gms.version"
124-->[com.google.android.gms:play-services-basement:17.0.0] AndroidManifest.xml:24:13-58
125            android:value="@integer/google_play_services_version" />
125-->[com.google.android.gms:play-services-basement:17.0.0] AndroidManifest.xml:25:13-66
126    </application>
127
128</manifest>